1    0.000000    1.000010    1   1
2    0.156250    2.000020    2   2
3    0.156250    6.332510    8   5
4    0.156250    10.083350    12   8
5    0.156250    14.004840    22   11
6    0.312500    18.708960    31   12
7    0.312500    21.332140    35   14
8    0.468750    26.689990    46   16
9    0.312500    31.230060    51   19
10    0.468750    37.336610    62   22
11    0.625000    41.798400    64   25
12    0.625000    46.499130    80   27
13    0.625000    50.677420    82   29
14    0.781250    55.595260    93   32
15    0.781250    61.009430    96   35
16    0.781250    67.931110    120   38
17    0.937500    73.707260    127   40
18    0.937500    77.166480    130   42
19    0.937500    83.662430    139   45
20    0.937500    88.816190    142   48
21    0.937500    94.153380    146   51
22    1.093750    98.624850    154   53
23    1.250000    103.612030    157   55
24    1.250000    109.079480    167   58
25    1.250000    114.959400    176   61
26    1.562500    129.507820    222   62
27    1.562500    125.615310    259   64
28    1.562500    135.405330    288   66
29    1.718750    136.513600    271   69
30    1.718750    145.476050    287   72
31    1.718750    146.639150    306   74
32    1.562500    150.681280    281   77
33    1.875000    156.429510    288   79
34    1.875000    161.931330    272   81
35    2.031250    168.662530    300   84
36    2.031250    176.398020    321   88
37    2.187500    179.345070    318   88
38    2.187500    186.111400    350   91
39    2.187500    190.526190    348   94
40    2.187500    197.830610    390   97
41    2.187500    202.007020    345   101
42    2.343750    206.374200    339   103
43    2.500000    211.791350    370   105
44    2.343750    217.742900    372   108
45    2.500000    223.991150    387   111
46    2.656250    232.044130    381   114
47    2.812500    235.675550    380   116
48    2.812500    242.011310    420   119
49    2.812500    247.110500    407   121
50    2.968750    253.647380    404   125
51    2.968750    258.959180    436   128
52    3.125000    264.317750    443   131
53    3.125000    269.206610    422   135
54    3.125000    275.001230    443   137
55    3.281250    280.984160    453   141
56    3.281250    285.978230    464   142
57    3.281250    291.306220    465   144
58    3.281250    295.963680    481   145
59    3.437500    302.178640    469   150
60    3.593750    308.016530    488   152
61    3.593750    312.612960    497   154
62    3.593750    317.191680    478   155
63    3.750000    322.308010    494   159
64    3.593750    328.277760    503   163
65    3.593750    334.490130    490   167
66    3.750000    340.338810    516   167
67    3.906250    345.657090    508   171
68    3.906250    350.776350    529   174
69    4.062500    356.901900    526   177
70    4.062500    362.818760    543   181
71    3.906250    368.562970    546   181
72    4.062500    373.179610    581   185
73    4.218750    378.918520    589   189
74    4.218750    384.943850    564   190
75    4.218750    391.232470    572   194
76    4.375000    399.913380    629   196
77    4.531250    406.561950    664   197
78    4.531250    409.609090    604   201
79    4.687500    416.788650    637   205
80    4.687500    421.785820    676   210
81    4.843750    428.886830    665   210
82    4.843750    435.325630    651   213
83    4.687500    438.883590    684   214
84    5.000000    446.325280    670   217
85    5.000000    451.635080    695   221
86    5.000000    454.219580    694   224
87    5.156250    460.210370    686   225
88    5.156250    464.364350    701   225
89    5.000000    471.370180    682   231
90    5.000000    477.045530    715   235
91    5.312500    484.478240    714   239
92    5.312500    490.478730    722   240
93    5.312500    494.135170    755   243
94    5.312500    501.345890    727   245
95    5.468750    507.168850    738   249
96    5.468750    511.367540    718   253
97    5.468750    516.984720    755   254
98    5.625000    522.178230    724   258
99    5.781250    528.420600    785   261
100    5.937500    534.726460    764   264
