1    0.000000    1.000000    1   1
101    0.000000    5.811881    7   1
201    0.000000    6.771144    8   1
301    0.000000    7.332226    9   1
401    0.000000    7.748130    9   1
501    0.000000    7.998004    9   1
601    0.000000    8.314476    10   1
701    0.000000    8.554922    10   1
801    0.000000    8.735331    10   1
901    0.000000    8.875694    10   1
1001    0.000000    8.988012    10   1
1101    0.000000    9.150772    11   1
1201    0.000000    9.304746    11   1
1301    0.000000    9.435050    11   1
1401    0.000000    9.546752    11   1
1501    0.034699    9.643571    11   1
1601    0.000000    9.728295    11   1
1701    0.000000    9.803057    11   1
1801    0.000000    9.869517    11   1
1901    0.000000    9.928985    11   1
2001    0.000000    9.982509    11   1
2101    0.000000    10.056640    12   1
2201    0.000000    10.144934    12   1
2301    0.000000    10.225554    12   1
2401    0.000000    10.299459    12   1
2501    0.000000    10.367453    12   1
2601    0.000000    10.430219    12   1
2701    0.000000    10.488338    12   1
2801    0.018595    10.542306    12   1
2901    0.000000    10.592554    12   1
3001    0.000000    10.639454    12   1
3101    0.000000    10.683328    12   1
3201    0.000000    10.724461    12   1
3301    0.000000    10.763102    12   1
3401    0.000000    10.799471    12   1
3501    0.000000    10.833762    12   1
3601    0.000000    10.866148    12   1
3701    0.000000    10.896785    12   1
3801    0.000000    10.925809    12   1
3901    0.000000    10.953345    12   1
4001    0.000000    10.979505    12   1
4101    0.000000    11.005852    13   1
4201    0.000000    11.053321    13   1
4301    0.000000    11.098582    13   1
4401    0.000000    11.141786    13   1
4501    0.000000    11.183070    13   1
4601    0.000000    11.222560    13   1
4701    0.000000    11.260370    13   1
4801    0.000000    11.296605    13   1
4901    0.000000    11.331361    13   1
5001    0.000000    11.364727    13   1
5101    0.000000    11.396785    13   1
5201    0.000000    11.427610    13   1
5301    0.000000    11.457272    13   1
5401    0.000000    11.485836    13   1
5501    0.000000    11.513361    13   1
5601    0.000000    11.539904    13   1
5701    0.000000    11.565515    13   1
5801    0.000000    11.590243    13   1
5901    0.000000    11.614133    13   1
6001    0.000000    11.637227    13   1
6101    0.000000    11.659564    13   1
6201    0.000000    11.681180    13   1
6301    0.000000    11.702111    13   1
6401    0.000000    11.722387    13   1
6501    0.000000    11.742040    13   1
6601    0.000000    11.761097    13   1
6701    0.000000    11.779585    13   1
6801    0.000000    11.797530    13   1
6901    0.000000    11.814954    13   1
7001    0.000000    11.831881    13   1
7101    0.000000    11.848331    13   1
7201    0.000000    11.864324    13   1
7301    0.000000    11.879879    13   1
7401    0.000000    11.895014    13   1
7501    0.000000    11.909745    13   1
7601    0.000000    11.924089    13   1
7701    0.000000    11.938060    13   1
7801    0.000000    11.951673    13   1
7901    0.000000    11.964941    13   1
8001    0.000000    11.977878    13   1
8101    0.000000    11.990495    13   1
8201    0.000000    12.004024    14   1
8301    0.000000    12.028069    14   1
8401    0.000000    12.051541    14   1
8501    0.000000    12.074462    14   1
8601    0.000000    12.096849    14   1
8701    0.000000    12.118722    14   1
8801    0.000000    12.140098    14   1
8901    0.000000    12.160993    14   1
9001    0.000000    12.181424    14   1
9101    0.000000    12.201406    14   1
9201    0.000000    12.220954    14   1
9301    0.000000    12.240082    14   1
9401    0.000000    12.258802    14   1
9501    0.000000    12.277129    14   1
9601    0.005425    12.295073    14   1
9701    0.000000    12.312648    14   1
9801    0.000000    12.329864    14   1
9901    0.000000    12.346733    14   1
