1    0.000000    1.000000    1   1
2    0.000000    1.165500    2   1
3    0.000000    1.706333    2   1
4    0.000000    1.777250    3   1
5    0.000000    2.185800    3   1
6    0.000000    2.231667    3   1
7    0.000000    2.579429    3   1
8    0.000000    2.576375    4   1
9    0.000000    2.700556    4   1
10    0.000000    2.730100    4   1
11    0.000000    3.140636    4   1
12    0.000000    3.169250    4   1
13    0.000000    3.225154    4   1
14    0.000000    3.225071    4   1
15    0.000000    3.504333    4   1
16    0.000000    3.511563    5   1
17    0.000000    3.527647    5   1
18    0.000000    3.547611    5   1
19    0.000000    3.651105    5   1
20    0.000000    3.673800    5   1
21    0.000000    3.712905    5   1
22    0.000000    3.702318    5   1
23    0.000000    4.128043    5   1
24    0.000000    4.127875    5   1
25    0.000000    4.135240    5   1
26    0.000000    4.140192    5   1
27    0.000000    4.215815    5   1
28    0.000000    4.211750    5   1
29    0.538793    4.225103    5   1
30    0.000000    4.222333    5   1
31    0.000000    4.464226    5   1
32    0.000000    4.466531    6   1
33    0.000000    4.475727    6   1
34    0.000000    4.473059    6   1
35    0.000000    4.507457    6   1
36    0.000000    4.514111    6   1
37    0.000000    4.517811    6   1
38    0.000000    4.522553    6   1
39    0.000000    4.646410    6   1
40    0.000000    4.649700    6   1
41    0.381098    4.658390    6   1
42    0.000000    4.652000    6   1
43    0.000000    4.685628    6   1
44    0.000000    4.682773    6   1
45    0.000000    4.697400    6   1
46    0.000000    4.688283    6   1
47    0.000000    5.114915    6   1
48    0.000000    5.118646    6   1
49    0.318878    5.119449    6   1
50    0.000000    5.118020    6   1
51    0.000000    5.133961    6   1
52    0.000000    5.134000    6   1
53    0.000000    5.139509    6   1
54    0.000000    5.140870    6   1
55    0.000000    5.203055    6   1
56    0.279018    5.199089    6   1
57    0.000000    5.202702    6   1
58    0.000000    5.202086    6   1
59    0.000000    5.223712    6   1
60    0.000000    5.223733    6   1
61    0.000000    5.228230    6   1
62    0.000000    5.229226    6   1
63    0.248016    5.451762    6   1
64    0.000000    5.452344    7   1
65    0.000000    5.451908    7   1
66    0.000000    5.445803    7   1
67    0.000000    5.461597    7   1
68    0.000000    5.453971    7   1
69    0.226449    5.460072    7   1
70    0.000000    5.462986    7   1
71    0.000000    5.496028    7   1
72    0.000000    5.495528    7   1
73    0.000000    5.498288    7   1
74    0.211149    5.504608    7   1
75    0.000000    5.506667    7   1
76    0.000000    5.508974    7   1
77    0.000000    5.515558    7   1
78    0.200321    5.507462    7   1
79    0.000000    5.643443    7   1
80    0.000000    5.637537    7   1
81    0.000000    5.638642    7   1
82    0.000000    5.642061    7   1
83    0.188253    5.644699    7   1
84    0.000000    5.643726    7   1
85    0.000000    5.647965    7   1
86    0.000000    5.647372    7   1
87    0.179598    5.677690    7   1
88    0.000000    5.678773    7   1
89    0.000000    5.684022    7   1
90    0.000000    5.685122    7   1
91    0.000000    5.686066    7   1
92    0.000000    5.691946    7   1
93    0.000000    5.687634    7   1
94    0.166223    5.693681    7   1
95    0.000000    6.117179    7   1
96    0.000000    6.109521    7   1
97    0.000000    6.115928    7   1
98    0.159439    6.116122    7   1
99    0.000000    6.115596    7   1
100    0.000000    6.116200    7   1
