1    0.000000    1.000000    1   1
2    0.000000    1.500000    2   1
3    0.000000    2.000000    2   2
4    0.000000    2.000000    2   2
5    0.000000    2.000000    3   1
6    0.000000    2.166667    3   2
7    0.000000    2.714286    3   2
8    0.000000    2.750000    3   2
9    0.000000    2.666667    3   2
10    0.000000    2.600000    3   2
11    0.000000    3.000000    4   1
12    0.000000    3.333333    4   1
13    0.000000    3.230769    4   2
14    0.000000    3.357143    4   2
15    0.000000    3.666667    4   2
16    0.000000    3.437500    4   2
17    0.000000    3.294118    4   1
18    0.000000    3.555556    5   2
19    0.000000    3.473684    5   2
20    0.000000    3.800000    5   3
21    0.000000    3.714286    5   2
22    0.000000    3.863636    5   2
23    0.000000    4.000000    5   1
24    0.000000    4.041667    5   2
25    0.000000    4.280000    5   2
26    0.000000    4.423077    5   2
27    0.000000    4.000000    5   3
28    0.000000    4.321429    5   3
29    0.000000    4.034483    5   3
30    0.000000    4.333333    5   2
31    0.000000    4.516129    5   3
32    0.000000    4.468750    5   3
33    0.000000    4.363636    5   3
34    0.000000    4.529412    5   3
35    0.000000    4.514286    6   2
36    0.000000    4.555556    6   3
37    0.000000    4.405405    5   2
38    0.000000    4.578947    6   3
39    0.000000    4.743590    6   2
40    0.000000    4.525000    6   2
41    0.000000    4.731707    6   3
42    0.000000    4.619048    6   2
43    0.000000    4.790698    6   3
44    0.000000    4.522727    6   3
45    0.000000    4.688889    6   4
46    0.000000    4.695652    6   3
47    0.000000    5.106383    6   3
48    0.000000    5.291667    6   3
49    0.000000    4.979592    6   3
50    0.000000    5.220000    6   3
51    0.000000    4.862745    6   2
52    0.000000    5.000000    6   3
53    0.000000    5.037736    6   3
54    0.000000    5.277778    6   2
55    0.000000    5.236364    6   3
56    0.000000    5.357143    6   3
57    0.000000    5.087719    6   2
58    0.000000    5.293103    6   3
59    0.000000    5.288136    6   2
60    0.000000    5.250000    6   3
61    0.000000    5.278689    6   3
62    0.000000    5.193548    6   2
63    0.000000    5.587302    6   3
64    0.000000    5.343750    6   2
65    0.000000    5.569231    6   4
66    0.000000    5.454545    6   3
67    0.000000    5.417910    6   3
68    0.000000    5.485294    6   3
69    0.000000    5.478261    7   3
70    0.000000    5.600000    6   4
71    0.000000    5.535211    7   3
72    0.000000    5.625000    7   4
73    0.000000    5.465753    7   2
74    0.000000    5.581081    7   2
75    0.000000    5.413333    6   1
76    0.000000    5.315789    7   2
77    0.000000    5.480519    7   3
78    0.000000    5.538462    7   3
79    0.000000    5.734177    7   2
80    0.000000    5.550000    7   2
81    0.000000    5.617284    7   3
82    0.000000    5.756098    7   4
83    0.000000    5.638554    7   3
84    0.000000    5.666667    7   3
85    0.000000    5.611765    7   3
86    0.000000    5.651163    7   4
87    0.000000    5.781609    7   4
88    0.000000    5.818182    7   3
89    0.000000    5.707865    7   3
90    0.000000    5.766667    7   2
91    0.000000    5.681319    7   2
92    0.000000    5.663043    7   3
93    0.000000    5.806452    7   4
94    0.000000    5.755319    7   3
95    0.000000    6.200000    7   4
96    0.000000    6.062500    7   3
97    0.000000    6.000000    7   2
98    0.000000    6.051020    7   4
99    0.000000    6.141414    7   3
100    0.000000    6.150000    7   4
