1    0.000000    1.000000    1   1
11    0.000000    3.127273    4   1
21    0.000000    3.704762    5   1
31    0.000000    4.457742    5   1
41    0.000000    4.656585    6   1
51    0.000000    5.138431    6   1
61    0.000000    5.234754    6   1
71    0.000000    5.494648    7   1
81    0.000000    5.636173    7   1
91    0.000000    5.706374    7   1
101    0.000000    6.121386    7   1
111    0.000000    6.199730    7   1
121    0.000000    6.221653    7   1
131    0.000000    6.451145    8   1
141    0.000000    6.448865    8   1
151    0.000000    6.497616    8   1
161    0.000000    6.632236    8   1
171    156.250000    6.632632    8   1
181    0.000000    6.672762    8   1
191    0.000000    7.105602    8   1
201    0.000000    7.123085    8   1
211    0.000000    7.126445    8   2
221    156.250000    7.147828    8   1
231    0.000000    7.204113    8   1
241    0.000000    7.229129    8   1
251    0.000000    7.224502    8   1
261    0.000000    7.441226    9   1
271    156.250000    7.449742    9   1
281    0.000000    7.456548    9   2
291    0.000000    7.488660    9   2
301    0.000000    7.488937    9   2
311    156.250000    7.505820    9   1
321    0.000000    7.636916    9   1
331    0.000000    7.636647    9   2
341    156.250000    7.643460    9   2
351    0.000000    7.671795    9   1
361    0.000000    7.672715    9   1
371    0.000000    7.684124    9   1
381    0.000000    7.693596    9   1
391    0.000000    8.107494    9   2
401    156.250000    8.104888    9   2
411    0.000000    8.108783    9   1
421    0.000000    8.127363    9   1
431    0.000000    8.132111    9   1
441    0.000000    8.134694    9   1
451    156.250000    8.201863    9   1
461    0.000000    8.202560    9   2
471    156.250000    8.207962    9   2
481    0.000000    8.221684    9   2
491    156.250000    8.218024    9   1
501    0.000000    8.222076    9   1
511    0.000000    8.440000    9   1
521    0.000000    8.437006    10   2
531    156.250000    8.437288    10   2
541    0.000000    8.436562    10   1
551    156.250000    8.440200    10   1
561    0.000000    8.450463    10   2
571    156.250000    8.450648    10   1
581    0.000000    8.478830    10   1
591    156.250000    8.491438    10   2
601    0.000000    8.491547    10   2
611    156.250000    8.505139    10   1
621    0.000000    8.502174    10   2
631    0.000000    8.503899    10   3
641    156.250000    8.634930    10   1
651    0.000000    8.634117    10   1
661    156.250000    8.635477    10   1
671    156.250000    8.646110    10   1
681    0.000000    8.640675    10   2
691    156.250000    8.643111    10   1
701    156.250000    8.643110    10   1
711    0.000000    8.670802    10   2
721    156.250000    8.676879    10   1
731    156.250000    8.677373    10   1
741    156.250000    8.686572    10   3
751    156.250000    8.689148    10   2
761    0.000000    8.692260    10   2
771    156.250000    9.107743    10   1
781    156.250000    9.105237    10   2
791    156.250000    9.116081    10   2
801    0.000000    9.113983    10   2
811    156.250000    9.116375    10   2
821    156.250000    9.114287    10   2
831    156.250000    9.124717    10   2
841    156.250000    9.130178    10   2
851    156.250000    9.131116    10   2
861    156.250000    9.129408    10   1
871    156.250000    9.134363    10   2
881    0.000000    9.128956    10   2
891    0.000000    9.138451    10   1
901    156.250000    9.198269    10   2
911    156.250000    9.201339    10   1
921    312.500000    9.204050    10   2
931    0.000000    9.195639    10   2
941    0.000000    9.205101    10   1
951    0.000000    9.204185    10   2
961    156.250000    9.221311    10   2
971    156.250000    9.221843    10   2
981    156.250000    9.220856    10   2
991    312.500000    9.218254    10   1
