1    0.000000    1.000000    1   1
11    0.000000    3.000000    4   1
21    0.000000    3.761905    5   1
31    0.000000    4.161290    5   1
41    0.000000    4.609756    6   1
51    0.000000    4.882353    6   1
61    0.000000    5.065574    6   1
71    0.000000    5.309859    7   1
81    156.250000    5.518519    7   1
91    0.000000    5.681319    7   1
101    0.000000    5.811881    7   1
111    0.000000    5.918919    7   1
121    0.000000    6.008264    7   1
131    0.000000    6.114504    8   1
141    0.000000    6.248227    8   1
151    0.000000    6.364238    8   1
161    0.000000    6.465839    8   1
171    0.000000    6.555556    8   1
181    0.000000    6.635359    8   1
191    0.000000    6.706806    8   1
201    156.250000    6.771144    8   1
211    0.000000    6.829384    8   1
221    0.000000    6.882353    8   1
231    0.000000    6.930736    8   1
241    0.000000    6.975104    8   1
251    0.000000    7.015936    8   1
261    0.000000    7.076628    9   1
271    156.250000    7.147601    9   1
281    0.000000    7.213523    9   1
291    0.000000    7.274914    9   1
301    0.000000    7.332226    9   1
311    0.000000    7.385852    9   1
321    156.250000    7.436137    9   1
331    0.000000    7.483384    9   1
341    0.000000    7.527859    9   1
351    156.250000    7.569801    9   1
361    0.000000    7.609418    9   1
371    0.000000    7.646900    9   1
381    0.000000    7.682415    9   1
391    156.250000    7.716113    9   1
401    0.000000    7.748130    9   1
411    0.000000    7.778589    9   1
421    156.250000    7.807601    9   1
431    0.000000    7.835267    9   1
441    0.000000    7.861678    9   1
451    156.250000    7.886918    9   1
461    0.000000    7.911063    9   1
471    0.000000    7.934183    9   1
481    0.000000    7.956341    9   1
491    156.250000    7.977597    9   1
501    0.000000    7.998004    9   1
511    0.000000    8.017613    9   1
521    156.250000    8.055662    10   1
531    0.000000    8.092279    10   1
541    156.250000    8.127542    10   1
551    0.000000    8.161525    10   1
561    156.250000    8.194296    10   1
571    0.000000    8.225919    10   1
581    156.250000    8.256454    10   1
591    0.000000    8.285956    10   1
601    156.250000    8.314476    10   1
611    0.000000    8.342062    10   1
621    156.250000    8.368760    10   1
631    0.000000    8.394612    10   1
641    156.250000    8.419657    10   1
651    0.000000    8.443932    10   1
661    0.000000    8.467474    10   1
671    156.250000    8.490313    10   1
681    0.000000    8.512482    10   1
691    156.250000    8.534009    10   1
701    156.250000    8.554922    10   1
711    0.000000    8.575246    10   1
721    156.250000    8.595007    10   1
731    156.250000    8.614227    10   1
741    312.500000    8.632928    10   1
751    0.000000    8.651132    10   1
761    156.250000    8.668857    10   1
771    156.250000    8.686122    10   1
781    156.250000    8.702945    10   1
791    0.000000    8.719343    10   1
801    0.000000    8.735331    10   1
811    156.250000    8.750925    10   1
821    156.250000    8.766139    10   1
831    156.250000    8.780987    10   1
841    156.250000    8.795482    10   1
851    156.250000    8.809636    10   1
861    156.250000    8.823461    10   1
871    156.250000    8.836969    10   1
881    156.250000    8.850170    10   1
891    156.250000    8.863075    10   1
901    156.250000    8.875694    10   1
911    156.250000    8.888035    10   1
921    156.250000    8.900109    10   1
931    156.250000    8.911923    10   1
941    156.250000    8.923486    10   1
951    156.250000    8.934805    10   1
961    156.250000    8.945890    10   1
971    156.250000    8.956746    10   1
981    156.250000    8.967380    10   1
991    156.250000    8.977800    10   1
