1    0.000000    1.000000    1   1
101    0.000000    6.112805    7   2
201    0.000000    7.114345    8   1
301    0.000000    7.493787    9   4
401    0.000000    8.114347    9   3
501    0.000000    8.225502    9   3
601    0.000000    8.489346    10   4
701    0.000000    8.642045    10   5
801    0.000000    9.109263    10   5
901    0.000000    9.202826    10   3
1001    0.000000    9.224659    10   4
1101    0.000000    9.447048    11   3
1201    0.000000    9.489181    11   4
1301    0.000000    9.630576    11   4
1401    0.000000    9.641380    11   5
1501    0.000000    9.682485    11   5
1601    0.000000    10.114356    11   5
1701    0.000000    10.129079    11   5
1801    0.000000    10.202184    11   5
1901    0.000000    10.203533    11   5
2001    0.000000    10.225617    11   5
2101    0.000000    10.435426    12   3
2201    0.000000    10.446712    12   3
2301    0.000000    10.452667    12   6
2401    0.000000    10.489771    12   5
2501    0.000000    10.505678    12   5
2601    0.000000    10.632261    12   5
2701    0.000000    10.641685    12   4
2801    0.000000    10.642763    12   5
2901    0.000000    10.675610    12   6
3001    0.000000    10.685387    12   5
3101    0.000000    11.109164    12   5
3201    0.000000    11.114083    12   4
3301    0.000000    11.117712    12   5
3401    0.000000    11.128285    12   5
3501    0.000000    11.133801    12   4
3601    0.000000    11.200060    12   5
3701    0.000000    11.203411    12   5
3801    0.000000    11.205724    12   5
3901    0.000000    11.220760    12   5
4001    0.000000    11.225000    12   6
4101    0.000000    11.433667    12   5
4201    0.000000    11.432725    13   5
4301    0.000000    11.436888    13   3
4401    0.011834    11.447375    13   5
4501    0.000000    11.450621    13   4
4601    0.000000    11.451608    13   6
4701    0.000000    11.486084    13   6
4801    0.000000    11.488876    13   5
4901    0.000000    11.501026    13   5
5001    0.000000    11.504682    13   4
5101    0.010210    11.506031    13   6
5201    0.000000    11.630488    13   4
5301    0.000000    11.632631    13   4
5401    0.000000    11.640080    13   5
5501    0.000000    11.638054    13   5
5601    0.000000    11.642487    13   5
5701    0.000000    11.674017    13   5
5801    0.000000    11.675775    13   5
5901    0.000000    11.683281    13   6
6001    0.000000    11.685957    13   6
6101    0.000000    11.687753    13   5
6201    0.000000    12.110264    13   5
6301    0.000000    12.111339    13   6
6401    0.000000    12.113403    13   7
6501    0.008012    12.115318    13   6
6601    0.000000    12.116905    13   5
6701    0.000000    12.129685    13   6
6801    0.000000    12.129671    13   3
6901    0.007547    12.130878    13   5
7001    0.000000    12.133738    13   6
7101    0.000000    12.135793    13   7
7201    0.000000    12.201472    13   5
7301    0.007134    12.202376    13   6
7401    0.000000    12.201813    13   5
7501    0.000000    12.204537    13   5
7601    0.000000    12.205418    13   7
7701    0.000000    12.220358    13   5
7801    0.000000    12.220170    13   6
7901    0.000000    12.220951    13   6
8001    0.000000    12.225753    13   5
8101    0.000000    12.226158    13   5
8201    0.000000    12.432583    13   3
8301    0.000000    12.432639    14   6
8401    0.000000    12.435238    14   4
8501    0.000000    12.437234    14   4
8601    0.000000    12.437029    14   6
8701    0.005986    12.437586    14   5
8801    0.000000    12.446704    14   6
8901    0.005851    12.446907    14   6
9001    0.005786    12.450332    14   6
9101    0.000000    12.451585    14   5
9201    0.000000    12.451726    14   6
9301    0.000000    12.485960    14   6
9401    0.000000    12.486403    14   5
9501    0.000000    12.487634    14   6
9601    0.000000    12.489155    14   6
9701    0.000000    12.488850    14   7
9801    0.000000    12.499881    14   5
9901    0.000000    12.500947    14   6
