1000    0.062500    8.987000    10   1
1200    0.065104    9.303333    11   1
1400    0.066964    9.545714    11   1
1600    0.068359    9.727500    11   1
1800    0.069444    9.868889    11   1
2000    0.070312    9.982000    11   1
2200    0.078125    10.144091    12   1
2400    0.071615    10.298750    12   1
2600    0.078125    10.429615    12   1
2800    0.078125    10.541786    12   1
3000    0.083333    10.639000    12   1
3200    0.083008    10.724063    12   1
3400    0.082721    10.799118    12   1
3600    0.086806    10.865833    12   1
3800    0.082237    10.925526    12   1
4000    0.082031    10.979250    12   1
4200    0.085565    11.052857    13   1
4400    0.085227    11.141364    13   1
4600    0.084918    11.222174    13   1
4800    0.084635    11.296250    13   1
5000    0.084375    11.364400    13   1
5200    0.084135    11.427308    13   1
5400    0.083912    11.485556    13   1
5600    0.086496    11.539643    13   1
5800    0.086207    11.590000    13   1
6000    0.088542    11.637000    13   1
6200    0.085685    11.680968    13   1
6400    0.087891    11.722188    13   1
6600    0.087595    11.760909    13   1
6800    0.087316    11.797353    13   1
7000    0.089286    11.831714    13   1
7200    0.088976    11.864167    13   1
7400    0.088682    11.894865    13   1
7600    0.088405    11.923947    13   1
7800    0.088141    11.951538    13   1
8000    0.089844    11.977750    13   1
8200    0.089558    12.003780    14   1
8400    0.089286    12.051310    14   1
8600    0.089026    12.096628    14   1
8800    0.090554    12.139886    14   1
9000    0.090278    12.181222    14   1
9200    0.090014    12.220761    14   1
9400    0.091423    12.258617    14   1
9600    0.091146    12.294896    14   1
9800    0.090880    12.329694    14   1
10000    0.092188    12.363100    14   1
