1    0.000000    1.000000    1   1
11    0.000000    2.818182    9   1
21    0.000000    9.904762    19   3
31    0.000000    15.290323    29   2
41    0.000000    12.073171    35   1
51    0.000000    23.470588    42   1
61    0.000000    21.655738    53   1
71    0.000000    16.450704    64   1
81    0.000000    24.296296    80   1
91    0.000000    16.472527    90   1
101    0.000000    44.801980    97   1
111    0.000000    56.315315    100   1
121    0.000000    41.380165    104   1
131    0.000000    44.213740    131   1
141    0.000000    67.539007    140   10
151    0.000000    68.655629    147   1
161    0.000000    54.217391    161   1
171    0.000000    82.695906    162   20
181    0.000000    48.690608    173   1
191    0.000000    62.089005    173   1
201    0.000000    45.014925    197   1
211    0.000000    94.739336    197   1
221    0.000000    99.407240    218   1
231    0.000000    110.285714    231   1
241    0.000000    55.788382    238   1
251    0.000000    116.051793    209   9
261    0.000000    84.042146    233   1
271    0.000000    69.062731    257   1
281    0.000000    93.985765    266   1
291    0.000000    149.893471    275   1
301    0.000000    83.408638    279   1
311    0.000000    163.758842    292   1
321    0.000000    75.844237    321   1
331    0.000000    126.864048    314   1
341    0.000000    143.665689    338   1
351    0.000000    145.122507    341   1
361    0.000000    131.387812    353   1
371    0.000000    144.094340    368   1
381    0.000000    172.829396    381   1
391    0.000000    227.227621    389   10
401    0.000000    212.336658    392   1
411    0.000000    193.581509    409   1
421    0.000000    191.287411    421   1
431    0.000000    216.596288    398   1
441    0.000000    131.165533    392   1
451    0.000000    240.893570    450   1
461    0.000000    109.702820    456   1
471    0.000000    122.106157    449   1
481    0.000000    123.869023    471   1
491    0.000000    269.124236    456   1
501    0.000000    202.656687    500   1
511    0.000000    121.788650    510   1
521    0.000000    141.357006    515   1
531    0.000000    171.834275    519   1
541    0.000000    205.632163    539   1
551    0.000000    82.564428    527   1
561    0.000000    261.711230    558   1
571    0.000000    341.975482    544   9
581    0.000000    278.297762    576   1
591    0.000000    218.184433    583   1
601    0.000000    247.880200    600   10
611    0.000000    285.682488    603   1
621    0.000000    236.903382    621   1
631    0.000000    392.599049    626   10
641    0.000000    204.343214    620   1
651    0.000000    214.356375    650   1
661    0.000000    426.331316    660   1
671    0.000000    269.318927    667   1
681    0.000000    273.700441    681   1
691    0.000000    277.816208    687   20
701    0.000000    301.506419    699   9
711    0.000000    224.589311    690   1
721    0.000000    380.460472    718   5
731    0.000000    313.337893    730   1
741    0.000000    356.852901    739   11
751    0.000000    179.577896    748   1
761    0.000000    296.304862    751   1
771    0.000000    435.953307    752   7
781    0.000000    272.636364    781   1
791    0.000000    331.666245    775   2
801    0.000000    517.887640    796   13
811    0.000000    558.552404    811   1
821    0.000000    276.018270    805   1
831    0.000000    309.599278    817   1
841    0.000000    470.430440    830   31
851    0.000000    278.142186    836   1
861    0.000000    318.969803    855   1
871    0.000000    181.454650    814   1
881    0.000000    370.091941    880   1
891    0.000000    354.219978    856   1
901    15625.000000    369.420644    869   1
911    0.000000    252.551043    905   1
921    0.000000    394.161781    916   1
931    0.000000    267.732546    917   1
941    0.000000    332.890542    857   1
951    0.000000    352.030494    934   1
961    0.000000    274.605619    917   1
971    0.000000    443.629248    971   22
981    0.000000    299.516820    980   1
991    0.000000    537.307770    981   11
1001    0.000000    420.964036    988   1
