1000    0.062500    19.878405    1000   1
1200    0.065104    23.730667    1200   1
1400    0.066964    26.798832    1400   1
1600    0.058594    27.307952    1600   1
1800    0.078125    32.774344    1800   1
2000    0.078125    37.320844    2000   1
2200    0.085227    41.397549    2200   1
2400    0.084635    41.629074    2400   1
2600    0.102163    49.804787    2600   1
2800    0.106027    50.986991    2800   1
3000    0.114583    55.016885    3000   1
3200    0.117188    56.659156    3200   1
3400    0.124081    59.686722    3400   1
3600    0.134549    66.659586    3599   1
3800    0.143914    69.792622    3800   1
4000    0.160156    80.679167    4000   1
4200    0.152530    74.003087    4199   1
4400    0.149148    73.838200    4400   1
4600    0.166440    82.791328    4599   1
4800    0.175781    87.622894    4799   1
5000    0.171875    85.900503    5000   1
5200    0.186298    93.411649    5200   1
5400    0.179398    90.521663    5399   1
5600    0.184152    91.278580    5600   1
5800    0.220905    111.688482    5800   1
6000    0.210938    106.086901    6000   1
6200    0.206653    104.707341    6200   1
6400    0.202637    102.090447    6400   1
6600    0.227273    116.191659    6598   1
6800    0.199908    99.737808    6798   1
7000    0.241071    122.859835    6999   1
7200    0.262587    135.505015    7198   1
7400    0.259713    132.616775    7396   1
7600    0.254934    131.200037    7599   1
7800    0.246394    125.737852    7799   1
8000    0.279297    144.157083    7999   1
8200    0.283918    146.114951    8196   1
8400    0.252976    129.332118    8399   1
8600    0.307049    158.903847    8600   1
8800    0.300071    154.700252    8800   1
9000    0.288194    148.489526    9000   1
9200    0.324389    167.520201    9200   1
9400    0.299202    154.115200    9397   1
9600    0.312500    161.583356    9597   1
9800    0.334821    172.994529    9790   1
10000    0.345313    179.202675    9999   1
