1    0.000000    1.000000    1   1
101    0.000000    29.095611    92   1
201    0.000000    56.236070    196   1
301    0.000000    86.610532    299   1
401    0.000000    115.275869    385   1
501    0.000000    137.587631    498   1
601    0.086661    171.985047    595   1
701    0.000000    201.913072    692   1
801    0.000000    234.575905    786   1
901    0.000000    248.753097    899   1
1001    0.000000    283.296151    970   1
1101    0.047305    319.253460    1094   1
1201    0.000000    343.551965    1200   1
1301    0.040033    374.609467    1293   1
1401    0.000000    397.724892    1394   1
1501    0.000000    425.373207    1500   1
1601    0.032532    461.029844    1597   1
1701    0.000000    485.746861    1694   1
1801    0.000000    500.043224    1797   1
1901    0.000000    536.484920    1887   1
2001    0.000000    582.047869    1982   1
2101    0.000000    599.198607    2088   1
2201    0.023663    627.164350    2179   1
2301    0.000000    647.504355    2252   1
2401    0.021692    717.906440    2372   1
2501    0.000000    676.758411    2475   1
2601    0.020024    759.544616    2599   1
2701    0.019283    785.365630    2684   1
2801    0.018595    782.042186    2793   1
2901    0.017954    818.974717    2868   1
3001    0.017355    812.643260    2953   1
3101    0.000000    874.324072    3093   1
3201    0.000000    935.321819    3163   1
3301    0.000000    886.395467    3282   1
3401    0.030628    937.625228    3401   1
3501    0.014877    1002.940127    3473   1
3601    0.014464    1045.948825    3572   1
3701    0.028146    1007.688135    3667   1
3801    0.027405    1098.851968    3797   1
3901    0.013351    1117.199433    3894   1
4001    0.013018    1096.236691    3987   1
4101    0.038100    1143.376675    4080   1
4201    0.024796    1172.535795    4145   1
4301    0.024219    1223.063010    4287   1
4401    0.023669    1254.565946    4377   1
4501    0.023143    1284.717027    4486   1
4601    0.022640    1278.343143    4595   1
4701    0.022158    1338.743182    4692   1
4801    0.021697    1423.482916    4799   1
4901    0.021254    1375.440783    4891   1
5001    0.020829    1390.983270    4990   1
5101    0.040842    1422.091161    5092   1
5201    0.030042    1470.134905    5196   1
5301    0.039301    1511.080556    5237   1
5401    0.028930    1652.906988    5387   1
5501    0.028404    1597.193799    5491   1
5601    0.027897    1571.859744    5590   1
5701    0.036543    1683.450252    5696   1
5801    0.035913    1719.431364    5728   1
5901    0.035305    1668.559731    5895   1
6001    0.034716    1659.621520    5980   1
6101    0.042684    1696.055694    6099   1
6201    0.025198    1720.034647    6195   1
6301    0.057861    1797.535065    6271   1
6401    0.040684    1724.469647    6358   1
6501    0.024035    1739.522809    6484   1
6601    0.047341    1887.979388    6571   1
6701    0.031090    1886.842727    6687   1
6801    0.038291    1838.838715    6786   1
6901    0.037736    2031.049902    6840   1
7001    0.029758    2119.347610    6996   1
7101    0.066012    1973.746661    7099   1
7201    0.057862    1963.238142    7198   1
7301    0.049936    2083.085715    7275   1
7401    0.056299    2123.030885    7381   1
7501    0.069435    2169.271077    7463   1
7601    0.034261    2000.723689    7570   1
7701    0.033816    2247.567711    7574   1
7801    0.040059    2186.263645    7796   1
7901    0.032960    2224.321725    7885   1
8001    0.039058    2387.578022    7909   1
8101    0.025717    2260.424558    8093   1
8201    0.044456    2269.747674    8199   1
8301    0.056469    2338.837836    8291   1
8401    0.043398    2397.173986    8400   1
8501    0.030634    2381.043999    8465   1
8601    0.024222    2486.679299    8549   1
8701    0.035915    2494.468346    8686   1
8801    0.029589    2525.800331    8789   1
8901    0.052663    2498.560155    8819   1
9001    0.063650    2556.968240    8983   1
9101    0.057228    2644.036866    9074   1
9201    0.022642    2590.557933    9139   1
9301    0.027999    2694.987506    9295   1
9401    0.044322    2633.141746    9291   1
9501    0.060301    2711.727359    9428   1
9601    0.054248    2786.015703    9592   1
9701    0.091271    2929.347175    9694   1
9801    0.053141    2652.009561    9787   1
9901    0.084167    2858.782588    9896   1
