1    0.000000    1.000000    1   1
2    0.000000    1.515140    2   1
3    0.000000    2.003063    3   1
4    0.000000    2.481587    4   1
5    0.000000    3.015672    5   1
6    0.000000    3.521735    6   1
7    0.000000    4.025680    7   1
8    0.000000    4.486255    8   1
9    0.000000    5.034343    9   1
10    0.000000    5.498894    10   1
11    0.000000    6.000820    11   1
12    0.000000    6.426221    12   1
13    0.000000    6.977679    13   1
14    0.000000    7.509341    14   1
15    0.000000    8.047557    15   1
16    0.000000    8.392756    16   1
17    0.000000    9.013958    17   1
18    0.000000    9.548401    18   1
19    0.000000    9.970790    19   1
20    0.000000    10.527282    20   1
21    0.000000    11.072654    21   1
22    0.000000    11.517697    22   1
23    0.000000    12.034980    23   1
24    0.000000    12.468863    24   1
25    0.000000    13.154778    25   1
26    0.000000    13.404550    26   1
27    0.000000    13.821083    27   1
28    0.000000    14.399735    28   1
29    0.000000    14.920287    29   1
30    0.000000    15.421003    30   1
31    0.005040    16.059715    31   1
32    0.000000    16.322165    32   1
33    0.000000    17.126498    33   1
34    0.000000    17.598673    34   1
35    0.000000    17.861843    35   1
36    0.000000    18.471528    36   1
37    0.000000    19.004001    37   1
38    0.000000    19.163642    38   1
39    0.000000    19.867116    39   1
40    0.000000    20.527637    40   1
41    0.000000    20.988528    41   1
42    0.000000    21.349249    42   1
43    0.000000    22.101563    43   1
44    0.000000    22.384437    44   1
45    0.000000    23.046893    45   1
46    0.000000    23.375163    46   1
47    0.000000    24.117379    47   1
48    0.000000    24.357646    48   1
49    0.000000    25.388482    49   1
50    0.000000    25.285804    50   1
51    0.000000    26.554041    51   1
52    0.000000    26.753333    52   1
53    0.000000    27.421291    53   1
54    0.000000    27.447495    54   1
55    0.000000    27.883038    55   1
56    0.000000    28.652486    56   1
57    0.000000    29.110919    57   1
58    0.000000    29.622948    58   1
59    0.000000    30.314235    59   1
60    0.000000    30.139676    60   1
61    0.000000    31.345816    61   1
62    0.000000    31.482712    62   1
63    0.000000    31.577721    63   1
64    0.000000    32.513793    64   1
65    0.000000    33.452284    65   1
66    0.000000    33.326901    66   1
67    0.002332    34.114954    67   1
68    0.000000    34.786378    68   1
69    0.000000    34.665174    69   1
70    0.000000    35.906433    70   1
71    0.000000    35.503510    71   1
72    0.000000    36.292514    72   1
73    0.000000    37.567864    73   1
74    0.000000    37.126590    74   1
75    0.000000    37.749762    75   1
76    0.000000    38.739390    76   1
77    0.000000    39.414849    75   1
78    0.000000    39.474553    78   1
79    0.000000    40.208696    79   1
80    0.000000    40.298653    80   1
81    0.000000    41.220799    81   1
82    0.000000    41.335108    81   1
83    0.000000    42.641199    83   1
84    0.000000    42.957579    83   1
85    0.000000    43.035840    85   1
86    0.000000    43.545071    86   1
87    0.000000    43.970668    87   1
88    0.000000    44.247255    88   1
89    0.001756    45.075685    89   1
90    0.000000    45.389390    90   1
91    0.001717    46.231219    91   2
92    0.000000    47.173716    91   1
93    0.000000    47.118278    93   1
94    0.000000    47.519074    94   1
95    0.000000    47.749083    95   1
96    0.000000    49.025220    96   1
97    0.000000    49.597923    97   1
98    0.001594    49.590548    98   2
99    0.000000    49.583393    99   1
100    0.000000    50.509105    100   1
