1    0.000000    1.000000    1   1
101    0.000000    51.496601    101   1
201    0.000000    101.496998    201   1
301    0.000000    151.498505    301   1
401    0.000000    201.498986    401   1
501    0.000000    251.498902    501   1
601    0.000000    301.497992    601   1
701    0.000000    351.498702    701   1
801    0.000000    401.500021    801   1
901    0.000000    451.500348    901   1
1001    0.000000    501.499291    1001   1
1101    0.047305    551.499537    1101   1
1201    0.000000    601.500394    1201   1
1301    0.040033    651.500551    1301   1
1401    0.000000    701.499579    1401   1
1501    0.000000    751.499765    1501   1
1601    0.000000    801.500198    1601   1
1701    0.030619    851.499467    1701   1
1801    0.028919    901.500135    1801   1
1901    0.027398    951.499935    1901   1
2001    0.026029    1001.499855    2001   1
2101    0.024790    1051.499351    2101   1
2201    0.023663    1101.499740    2201   1
2301    0.045270    1151.500520    2301   1
2401    0.021692    1201.499392    2401   1
2501    0.020825    1251.499427    2501   1
2601    0.040049    1301.499590    2601   1
2701    0.019283    1351.499678    2701   1
2801    0.018595    1401.500388    2801   1
2901    0.017954    1451.500569    2901   1
3001    0.034711    1501.500209    3001   1
3101    0.016796    1551.500267    3101   1
3201    0.016271    1601.499718    3201   1
3301    0.031556    1651.500351    3301   1
3401    0.030628    1701.499763    3401   1
3501    0.044630    1751.499755    3501   1
3601    0.028927    1801.499750    3601   1
3701    0.042218    1851.499135    3701   1
3801    0.041108    1901.499680    3801   1
3901    0.026703    1951.499983    3901   1
4001    0.039053    2001.499760    4001   1
4101    0.038100    2051.499672    4101   1
4201    0.037194    2101.499636    4201   1
4301    0.036329    2151.500061    4301   1
4401    0.035503    2201.499384    4401   1
4501    0.046286    2251.500242    4501   1
4601    0.045280    2301.500207    4601   1
4701    0.044317    2351.499989    4701   1
4801    0.043394    2401.500160    4801   1
4901    0.042508    2451.500125    4901   1
5001    0.041658    2501.499882    5001   1
5101    0.040842    2551.499924    5101   1
5201    0.050070    2601.499844    5201   1
5301    0.049126    2651.499834    5301   1
5401    0.048216    2701.499945    5401   1
5501    0.037872    2751.499508    5501   1
5601    0.055794    2801.499823    5601   1
5701    0.054815    2851.500222    5701   1
5801    0.053870    2901.500060    5801   1
5901    0.052957    2951.499888    5901   1
6001    0.060754    3001.499977    6001   1
6101    0.059758    3051.499787    6101   1
6201    0.058794    3101.499862    6201   1
6301    0.057861    3151.500148    6301   1
6401    0.065094    3201.499994    6401   1
6501    0.064093    3251.499718    6501   1
6601    0.063122    3301.500041    6601   1
6701    0.062180    3351.499811    6701   1
6801    0.061266    3401.499886    6801   1
6901    0.067925    3451.500181    6901   1
7001    0.066955    3501.499862    7001   1
7101    0.066012    3551.500045    7101   1
7201    0.065095    3601.499908    7201   1
7301    0.064204    3651.500031    7301   1
7401    0.070373    3701.500040    7401   1
7501    0.069435    3751.499869    7501   1
7601    0.068522    3801.499901    7601   1
7701    0.074395    3851.499625    7701   1
7801    0.073441    3901.499567    7801   1
7901    0.079104    3951.499634    7901   1
8001    0.078115    4001.499794    8001   1
8101    0.077151    4051.500058    8101   1
8201    0.082561    4101.500013    8201   1
8301    0.075292    4151.499976    8301   1
8401    0.080596    4201.500162    8401   1
8501    0.085774    4251.499724    8501   1
8601    0.084777    4301.500104    8601   1
8701    0.227464    4351.499956    8701   1
8801    0.082850    4401.500060    8801   1
8901    0.087771    4451.499970    8901   1
9001    0.086796    4501.500089    9001   1
9101    0.085842    4551.499774    9101   1
9201    0.090570    4601.500033    9201   1
9301    0.089596    4651.499881    9301   1
9401    0.094183    4701.499737    9401   1
9501    0.093192    4751.500085    9501   1
9601    0.097646    4801.499867    9601   1
9701    0.096640    4851.499609    9701   1
9801    0.095654    4901.499541    9801   1
9901    0.099948    4951.499711    9901   1
