1000    1.203125    644.119468    1000   1
1200    0.872396    454.938249    1200   1
1400    1.283482    677.502154    1400   1
1600    1.748047    936.474566    1600   1
1800    0.755208    400.406102    1800   1
2000    1.398438    747.264077    2000   1
2200    1.058239    562.845164    2199   1
2400    2.929688    1581.351511    2400   2
2600    3.437500    1841.348024    2599   1
2800    2.717634    1454.850852    2800   1
3000    4.192708    2259.586924    3000   1
3200    2.988281    1599.806327    3200   1
3400    2.738971    1471.806833    3400   2
3600    3.181424    1710.908813    3600   2
3800    5.287829    2840.887679    3799   1
4000    3.617188    1939.149193    4000   3
4200    5.226935    2810.775774    4200   2
4400    3.380682    1804.287017    4400   1
4600    3.386549    1810.527328    4600   1
4800    5.475260    2946.771490    4800   1
5000    4.771875    2573.155975    4996   1
5200    4.576322    2465.157019    5191   1
5400    5.344329    2876.964907    5398   7
5600    6.732701    3631.492919    5600   3
5800    4.504310    2424.818722    5800   1
6000    5.786458    3123.249229    6000   2
6200    8.651714    4659.569415    6200   1
6400    8.317871    4481.764575    6400   2
6600    6.645360    3560.209309    6599   1
6800    4.604779    2472.229085    6800   1
7000    7.917411    4256.034738    6999   1
7200    6.035156    3243.108418    7200   2
7400    6.408361    3449.188976    7400   2
7600    8.065378    4344.792003    7600   2
7800    7.403846    3975.598308    7800   6
8000    3.794922    2045.062809    8000   1
8200    9.155869    4943.387778    8199   3
8400    9.274554    5009.193609    8396   1
8600    10.565044    5689.837815    8599   3
8800    8.293679    4464.334074    8800   2
9000    9.878472    5325.868908    8999   1
9200    5.898438    3160.200211    9199   2
9400    11.037234    5938.739523    9398   2
9600    6.629232    3559.471483    9599   1
9800    9.027423    4871.459085    9800   3
10000    8.368750    4522.426306    10000   2
