1    0.000000    1.000000    1   1
11    0.000000    6.000000    11   1
21    0.000000    11.000000    21   1
31    0.000000    16.000000    31   1
41    0.000000    21.000000    41   1
51    0.000000    26.000000    51   1
61    0.000000    31.000000    61   1
71    0.000000    36.000000    71   1
81    0.000000    41.000000    81   1
91    0.000000    46.000000    91   1
101    156.250000    51.000000    101   1
111    0.000000    56.000000    111   1
121    0.000000    61.000000    121   1
131    0.000000    66.000000    131   1
141    0.000000    71.000000    141   1
151    0.000000    76.000000    151   1
161    156.250000    81.000000    161   1
171    0.000000    86.000000    171   1
181    156.250000    91.000000    181   1
191    0.000000    96.000000    191   1
201    312.500000    101.000000    201   1
211    156.250000    106.000000    211   1
221    0.000000    111.000000    221   1
231    156.250000    116.000000    231   1
241    156.250000    121.000000    241   1
251    156.250000    126.000000    251   1
261    156.250000    131.000000    261   1
271    312.500000    136.000000    271   1
281    156.250000    141.000000    281   1
291    312.500000    146.000000    291   1
301    156.250000    151.000000    301   1
311    312.500000    156.000000    311   1
321    156.250000    161.000000    321   1
331    312.500000    166.000000    331   1
341    312.500000    171.000000    341   1
351    312.500000    176.000000    351   1
361    312.500000    181.000000    361   1
371    468.750000    186.000000    371   1
381    312.500000    191.000000    381   1
391    468.750000    196.000000    391   1
401    468.750000    201.000000    401   1
411    468.750000    206.000000    411   1
421    625.000000    211.000000    421   1
431    625.000000    216.000000    431   1
441    468.750000    221.000000    441   1
451    468.750000    226.000000    451   1
461    625.000000    231.000000    461   1
471    468.750000    236.000000    471   1
481    468.750000    241.000000    481   1
491    781.250000    246.000000    491   1
501    625.000000    251.000000    501   1
511    781.250000    256.000000    511   1
521    625.000000    261.000000    521   1
531    625.000000    266.000000    531   1
541    781.250000    271.000000    541   1
551    781.250000    276.000000    551   1
561    781.250000    281.000000    561   1
571    781.250000    286.000000    571   1
581    781.250000    291.000000    581   1
591    937.500000    296.000000    591   1
601    781.250000    301.000000    601   1
611    937.500000    306.000000    611   1
621    937.500000    311.000000    621   1
631    937.500000    316.000000    631   1
641    1093.750000    321.000000    641   1
651    937.500000    326.000000    651   1
661    1093.750000    331.000000    661   1
671    1093.750000    336.000000    671   1
681    1093.750000    341.000000    681   1
691    1093.750000    346.000000    691   1
701    1250.000000    351.000000    701   1
711    1093.750000    356.000000    711   1
721    1250.000000    361.000000    721   1
731    1406.250000    366.000000    731   1
741    1250.000000    371.000000    741   1
751    1406.250000    376.000000    751   1
761    1406.250000    381.000000    761   1
771    1562.500000    386.000000    771   1
781    1406.250000    391.000000    781   1
791    1562.500000    396.000000    791   1
801    1406.250000    401.000000    801   1
811    1718.750000    406.000000    811   1
821    1562.500000    411.000000    821   1
831    1718.750000    416.000000    831   1
841    1718.750000    421.000000    841   1
851    1875.000000    426.000000    851   1
861    1875.000000    431.000000    861   1
871    1718.750000    436.000000    871   1
881    2031.250000    441.000000    881   1
891    2031.250000    446.000000    891   1
901    1875.000000    451.000000    901   1
911    2031.250000    456.000000    911   1
921    2031.250000    461.000000    921   1
931    2031.250000    466.000000    931   1
941    2187.500000    471.000000    941   1
951    2187.500000    476.000000    951   1
961    2187.500000    481.000000    961   1
971    2187.500000    486.000000    971   1
981    2343.750000    491.000000    981   1
991    2343.750000    496.000000    991   1
