1    0.000000    1.000000    1   1
101    0.000000    51.455446    101   1
201    0.000000    101.492537    201   2
301    0.000000    151.491694    301   1
401    38.965087    201.491272    401   1
501    0.000000    251.471058    501   2
601    0.000000    301.495840    601   1
701    0.000000    351.497860    701   2
801    0.000000    401.488140    801   1
901    0.000000    451.489456    901   1
1001    0.000000    501.504496    1001   2
1101    0.000000    551.514078    1101   1
1201    0.000000    601.507910    1201   1
1301    0.000000    651.486549    1301   1
1401    0.000000    701.491078    1401   2
1501    0.000000    751.499001    1501   2
1601    0.000000    801.486571    1601   2
1701    9.185773    851.510876    1701   2
1801    0.000000    901.515825    1801   1
1901    0.000000    951.501315    1901   1
2001    0.000000    1001.508246    2001   2
2101    7.436935    1051.506901    2101   2
2201    0.000000    1101.494775    2201   1
2301    0.000000    1151.508909    2301   1
2401    6.507705    1201.499792    2401   1
2501    0.000000    1251.498201    2501   2
2601    6.007305    1301.506344    2601   1
2701    0.000000    1351.502036    2701   2
2801    5.578365    1401.489825    2801   2
2901    0.000000    1451.504998    2901   1
3001    5.206598    1501.501833    3001   1
3101    0.000000    1551.498871    3101   1
3201    4.881287    1601.502968    3201   2
3301    4.733414    1651.498637    3301   1
3401    0.000000    1701.493678    3401   2
3501    4.463011    1751.499572    3501   1
3601    4.339072    1801.498473    3601   1
3701    4.221832    1851.502567    3701   2
3801    4.110760    1901.505656    3801   2
3901    0.000000    1951.498846    3901   2
4001    3.905274    2001.494376    4001   1
4101    7.620093    2051.503536    4101   2
4201    3.719353    2101.497739    4201   1
4301    3.632876    2151.509416    4301   1
4401    3.550329    2201.500341    4401   2
4501    3.471451    2251.506554    4501   2
4601    6.792002    2301.503369    4601   2
4701    3.323761    2351.497554    4701   1
4801    6.509061    2401.493855    4801   1
4901    3.188125    2451.505815    4901   2
5001    6.248750    2501.504899    5001   2
5101    3.063125    2551.504019    5101   1
5201    6.008460    2601.497597    5201   1
5301    5.895114    2651.508772    5301   1
5401    2.892983    2701.504351    5401   2
5501    5.680785    2751.498455    5501   1
5601    5.579361    2801.497590    5601   1
5701    5.481494    2851.492370    5701   1
5801    5.387002    2901.503879    5801   2
5901    7.943569    2951.497882    5901   1
6001    5.207465    3001.495584    6001   1
6101    5.122111    3051.499426    6101   1
6201    7.559265    3101.501532    6201   1
6301    4.959530    3151.500397    6301   1
6401    7.323075    3201.496954    6401   2
6501    4.806953    3251.499923    6501   1
6601    7.101197    3301.503106    6601   1
6701    6.995225    3351.499328    6701   1
6801    4.594913    3401.499632    6801   2
6901    6.792494    3451.498189    6901   1
7001    8.927296    3501.500357    7001   1
7101    6.601183    3551.505422    7101   2
7201    6.509513    3601.497153    7201   2
7301    6.420353    3651.502808    7301   1
7401    8.444805    3701.501013    7401   1
7501    6.249167    3751.493801    7501   1
7601    8.222602    3801.499671    7601   1
7701    8.115829    3851.503052    7701   1
7801    6.008845    3901.494424    7801   1
7901    7.910391    3951.502974    7901   1
8001    7.811524    4001.502312    8001   1
8101    7.715097    4051.495988    8101   1
8201    7.621022    4101.498232    8201   1
8301    9.411517    4151.502470    8301   1
8401    7.439591    4201.496846    8401   1
8501    9.190095    4251.501118    8501   1
8601    7.266597    4301.500523    8601   1
8701    8.978853    4351.502356    8701   1
8801    8.876832    4401.501079    8801   1
8901    8.777104    4451.497360    8901   1
9001    8.679591    4501.498389    9001   1
9101    6.867377    4551.503791    9101   2
9201    8.490925    4601.499946    9201   2
9301    8.399634    4651.500484    9301   1
9401    8.310286    4701.498245    9401   1
9501    9.867382    4751.507105    9501   1
9601    8.137173    4801.499844    9601   1
9701    9.663952    4851.503144    9701   1
9801    9.565350    4901.497500    9801   2
9901    9.468741    4951.503080    9901   2
