1    0.000000    1.000000    1   1
2    0.000000    1.999500    2   1
3    0.000000    2.333000    3   1
4    0.000000    3.000000    4   2
5    0.000000    3.399800    5   1
6    0.000000    3.999667    6   1
7    0.000000    4.428714    7   1
8    0.000000    4.999875    8   1
9    0.000000    5.444444    9   1
10    0.000000    5.999800    10   1
11    0.000000    6.454364    11   1
12    0.000000    6.999333    12   1
13    0.000000    7.461462    13   1
14    0.000000    8.000000    14   1
15    0.000000    8.466800    15   1
16    0.000000    9.000000    16   1
17    0.000000    9.470471    17   1
18    0.000000    10.000000    18   1
19    0.000000    10.474000    19   1
20    0.000000    10.999800    20   1
21    0.000000    11.476190    21   1
22    0.000000    11.999818    22   1
23    0.000000    12.478130    23   1
24    0.000000    12.999875    24   1
25    0.000000    13.480080    25   1
26    0.000000    13.999692    26   1
27    0.000000    14.481593    27   1
28    0.000000    14.999893    28   1
29    0.000000    15.482897    29   1
30    0.520833    15.999833    30   1
31    0.000000    16.484000    31   1
32    0.000000    16.999750    32   1
33    0.000000    17.484848    33   1
34    0.000000    17.999735    34   1
35    0.000000    18.485743    35   1
36    0.000000    18.999806    36   1
37    0.000000    19.486351    37   1
38    0.000000    19.999789    38   1
39    0.400641    20.487205    39   1
40    0.000000    20.999875    40   1
41    0.000000    21.487829    41   1
42    0.000000    21.999976    42   1
43    0.000000    22.488488    43   1
44    0.000000    22.999977    44   1
45    0.000000    23.488978    45   1
46    0.339674    23.999500    46   1
47    0.000000    24.489574    47   1
48    0.000000    24.999792    48   1
49    0.000000    25.489776    49   1
50    0.000000    25.999980    50   1
51    0.306373    26.490451    51   1
52    0.000000    27.000173    52   1
53    0.000000    27.490642    53   1
54    0.000000    28.000093    54   1
55    0.000000    28.491127    55   1
56    0.279018    28.999875    56   1
57    0.000000    29.491298    57   1
58    0.000000    29.999828    58   1
59    0.264831    30.491644    59   1
60    0.000000    30.999900    60   1
61    0.000000    31.491656    61   1
62    0.000000    31.999935    62   1
63    0.248016    32.492397    63   1
64    0.000000    33.000031    64   1
65    0.000000    33.492554    65   1
66    0.236742    33.999803    66   1
67    0.000000    34.492597    67   1
68    0.000000    34.999765    68   1
69    0.000000    35.492638    69   1
70    0.000000    35.999829    70   1
71    0.220070    36.492901    71   1
72    0.000000    36.999833    72   1
73    0.000000    37.493247    73   1
74    0.211149    37.999459    74   1
75    0.000000    38.493507    75   1
76    0.205592    38.999934    76   1
77    0.000000    39.493597    77   1
78    0.200321    39.999744    78   1
79    0.000000    40.493544    79   1
80    0.195312    40.999738    80   1
81    0.000000    41.494000    81   1
82    0.190549    41.999841    82   1
83    0.000000    42.494253    83   1
84    0.186012    42.999869    84   1
85    0.000000    43.493953    85   1
86    0.181686    43.999930    86   1
87    0.000000    44.494207    87   1
88    0.177557    44.999909    88   1
89    0.175562    45.494640    89   1
90    0.000000    45.999911    90   1
91    0.171703    46.494637    91   1
92    0.000000    46.999902    92   1
93    0.168011    47.494570    93   1
94    0.166223    48.000213    94   1
95    0.000000    48.494821    95   1
96    0.162760    48.999615    96   1
97    0.161082    49.495041    97   1
98    0.000000    49.999776    98   1
99    0.157828    50.494970    99   1
100    0.156250    50.999830    100   1
