1    0.000000    1.000000    1   1
101    0.000000    52.566568    93   1
201    0.000000    99.685158    200   17
301    0.000000    149.447065    298   3
401    0.000000    199.150482    399   11
501    0.000000    249.055230    501   1
601    0.000000    303.969412    592   10
701    0.000000    356.484389    671   13
801    0.000000    390.256388    798   9
901    0.000000    428.349242    901   7
1001    0.000000    517.789950    996   7
1101    0.000000    506.090182    1095   14
1201    0.043367    615.233550    1196   1
1301    0.000000    656.731468    1300   8
1401    0.000000    708.511418    1390   21
1501    0.000000    759.465112    1470   4
1601    0.032532    790.010500    1592   23
1701    0.030619    862.537815    1681   29
1801    0.028919    907.620006    1797   9
1901    0.027398    919.664406    1858   8
2001    0.026029    990.566570    1987   2
2101    0.024790    1027.534712    2093   16
2201    0.000000    1109.085694    2190   13
2301    0.022635    1142.630936    2296   22
2401    0.021692    1218.693497    2401   31
2501    0.020825    1247.015327    2461   2
2601    0.020024    1260.938803    2563   30
2701    0.019283    1374.406660    2695   7
2801    0.018595    1446.578972    2798   17
2901    0.035907    1429.819236    2889   21
3001    0.034711    1431.772449    2963   30
3101    0.033591    1545.877203    3059   1
3201    0.016271    1578.622216    3176   8
3301    0.031556    1650.693128    3294   30
3401    0.015314    1711.129093    3363   8
3501    0.044630    1669.327292    3497   21
3601    0.028927    1732.570535    3565   23
3701    0.028146    1813.958784    3695   37
3801    0.041108    2018.801142    3762   24
3901    0.040054    1970.213990    3865   2
4001    0.026035    1962.807881    3963   31
4101    0.038100    2042.187791    4101   1
4201    0.024796    2042.633997    4192   18
4301    0.024219    2040.466913    4284   5
4401    0.035503    2205.306430    4401   21
4501    0.034715    2275.431403    4477   17
4601    0.033960    2331.789662    4593   32
4701    0.044317    2290.541233    4690   6
4801    0.043394    2380.958749    4741   1
4901    0.042508    2298.248704    4894   21
5001    0.062488    2624.987750    4993   26
5101    0.020421    2588.789384    5100   35
5201    0.030042    2629.845623    5181   1
5301    0.049126    2626.382829    5209   19
5401    0.077146    2688.548547    5327   15
5501    0.056808    2746.113125    5496   74
5601    0.065093    2790.781862    5591   9
5701    0.036543    2882.019281    5687   21
5801    0.062848    2878.071946    5801   19
5901    0.070610    2964.896162    5882   8
6001    0.078112    3040.038855    5954   12
6101    0.051221    2908.765832    6099   55
6201    0.050395    2993.412538    6199   12
6301    0.066127    3225.479495    6295   24
6401    0.032547    3201.125830    6361   17
6501    0.056081    3303.200995    6499   10
6601    0.071012    3242.845657    6515   2
6701    0.085497    3445.520033    6678   39
6801    0.076582    3474.491777    6739   3
6901    0.075472    3545.819952    6841   22
7001    0.059515    3537.036135    6997   20
7101    0.044008    3575.916774    7101   31
7201    0.057862    3689.771664    7060   15
7301    0.064204    3821.868796    7287   59
7401    0.063336    3662.654916    7348   35
7501    0.083322    3764.400900    7497   18
7601    0.068522    3700.745560    7584   121
7701    0.067632    3851.538476    7700   30
7801    0.080118    3871.876905    7709   37
7901    0.112064    3985.034909    7884   32
8001    0.117173    3883.522107    7835   1
8101    0.090009    4118.165799    8040   9
8201    0.038105    4065.899557    8140   64
8301    0.069018    4082.917697    8282   24
8401    0.068196    4256.101753    8369   9
8501    0.055141    4221.358369    8487   61
8601    0.108999    4368.810052    8477   12
8701    0.083803    4237.175359    8667   88
8801    0.076933    4666.391784    8773   11
8901    0.087771    4508.347437    8872   11
9001    0.052078    4458.047445    8990   12
9101    0.068674    4417.933446    9044   17
9201    0.096230    4706.216207    9190   59
9301    0.123195    4565.506835    9286   93
9401    0.072022    4540.336312    9358   51
9501    0.131565    4784.153659    9415   13
9601    0.113920    5112.877631    9577   17
9701    0.096640    4871.603716    9639   3
9801    0.095654    4989.602801    9791   40
9901    0.142031    5005.588020    9874   131
