1    0.000000    1.000000    1   1
11    0.000000    7.818182    10   5
21    0.000000    4.952381    18   1
31    0.000000    19.161290    30   1
41    0.000000    19.268293    35   1
51    0.000000    27.607843    49   3
61    0.000000    36.049180    58   14
71    0.000000    31.450704    67   5
81    0.000000    46.259259    75   5
91    0.000000    55.109890    90   5
101    0.000000    67.980198    101   5
111    0.000000    51.648649    107   4
121    0.000000    51.404959    120   1
131    0.000000    88.091603    131   1
141    0.000000    65.326241    132   7
151    0.000000    85.337748    142   5
161    0.000000    71.279503    161   10
171    0.000000    69.707602    158   9
181    0.000000    85.425414    181   13
191    0.000000    49.136126    188   1
201    0.000000    107.547264    199   6
211    0.000000    107.715640    211   1
221    0.000000    127.828054    219   19
231    0.000000    156.965368    206   5
241    0.000000    130.655602    235   5
251    0.000000    114.103586    240   21
261    0.000000    159.103448    261   3
271    0.000000    159.077491    268   4
281    0.000000    174.352313    279   1
291    0.000000    99.491409    247   12
301    0.000000    126.182724    295   8
311    0.000000    84.729904    269   8
321    0.000000    153.947040    317   26
331    0.000000    259.652568    331   3
341    0.000000    148.102639    340   4
351    0.000000    89.509972    344   6
361    0.000000    121.667590    346   7
371    0.000000    153.975741    369   3
381    0.000000    174.359580    377   21
391    0.000000    146.386189    388   6
401    0.000000    146.403990    385   4
411    0.000000    185.958637    404   23
421    0.000000    217.197150    415   11
431    0.000000    215.157773    387   5
441    0.000000    191.077098    430   4
451    0.000000    179.731707    451   2
461    0.000000    291.566161    461   12
471    0.000000    342.798301    462   9
481    0.000000    205.752599    460   18
491    0.000000    132.401222    469   14
501    15625.000000    277.706587    474   6
511    0.000000    255.387476    495   20
521    0.000000    313.829175    517   1
531    0.000000    269.499058    515   20
541    0.000000    394.112754    531   8
551    0.000000    170.433757    518   7
561    0.000000    332.344029    551   4
571    0.000000    179.653240    558   2
581    0.000000    236.048193    573   47
591    0.000000    300.560068    589   18
601    0.000000    471.760399    581   14
611    0.000000    404.137480    608   8
621    0.000000    357.677939    621   9
631    0.000000    345.117274    628   12
641    0.000000    547.190328    632   2
651    0.000000    343.781874    638   56
661    15625.000000    274.311649    649   6
671    0.000000    260.822653    653   28
681    0.000000    340.157122    668   3
691    0.000000    227.613603    670   23
701    0.000000    423.031384    681   56
711    0.000000    522.855134    630   7
721    0.000000    281.169209    686   9
731    0.000000    291.562244    706   39
741    0.000000    432.790823    725   6
751    0.000000    582.816245    729   10
761    0.000000    501.203679    755   1
771    0.000000    382.913100    768   5
781    15625.000000    240.820743    773   23
791    0.000000    429.953224    789   49
801    0.000000    214.158552    798   19
811    0.000000    527.252774    790   24
821    0.000000    561.438490    803   2
831    0.000000    186.722022    830   14
841    0.000000    318.434007    824   1
851    0.000000    400.717979    846   70
861    0.000000    282.261324    855   11
871    0.000000    348.801378    855   11
881    15625.000000    391.763905    880   4
891    0.000000    354.943883    890   20
901    0.000000    609.358491    869   32
911    0.000000    536.316136    910   63
921    0.000000    463.943540    898   30
931    0.000000    412.446831    908   12
941    0.000000    623.222104    931   12
951    0.000000    557.013670    933   31
961    0.000000    562.572320    943   16
971    15625.000000    701.929969    963   29
981    0.000000    329.247706    941   3
991    0.000000    574.052472    984   22
