1    0.000000    1.000000    1   1
2    0.000000    1.995000    2   1
3    0.000000    2.333333    3   1
4    0.000000    3.000000    4   1
5    0.000000    3.400000    5   1
6    0.000000    4.000000    6   1
7    0.000000    4.428571    7   1
8    0.000000    4.996250    8   1
9    0.000000    5.443333    9   1
10    0.000000    5.998000    10   1
11    0.000000    6.454545    11   1
12    0.000000    6.999167    12   1
13    0.000000    7.463846    13   1
14    0.000000    7.999286    14   1
15    0.000000    8.468000    15   1
16    0.000000    8.999375    16   1
17    0.000000    9.471765    17   1
18    0.000000    9.998333    18   1
19    0.000000    10.473158    19   1
20    0.000000    10.996500    20   1
21    0.000000    11.475714    21   1
22    0.000000    11.998636    22   1
23    0.000000    12.478696    23   1
24    0.000000    12.997917    24   1
25    0.000000    13.483200    25   1
26    0.000000    14.000000    26   1
27    0.000000    14.482593    27   1
28    0.000000    14.998571    28   1
29    0.000000    15.485172    29   1
30    0.000000    15.998667    30   1
31    0.000000    16.482581    31   1
32    0.000000    16.999688    32   1
33    0.000000    17.487576    33   1
34    0.000000    17.997941    34   1
35    0.000000    18.486571    35   1
36    0.000000    19.000000    36   1
37    0.000000    19.489189    37   1
38    0.000000    20.001053    38   1
39    0.000000    20.490256    39   1
40    0.000000    20.999000    40   1
41    0.000000    21.490244    41   1
42    0.000000    21.998095    42   1
43    0.000000    22.488140    43   1
44    0.000000    22.998864    44   1
45    0.000000    23.488444    45   1
46    0.000000    23.998261    46   1
47    0.000000    24.489149    47   1
48    0.000000    24.997708    48   1
49    0.000000    25.486939    49   1
50    0.000000    26.000000    50   1
51    0.000000    26.490784    51   1
52    0.000000    26.998077    52   1
53    0.000000    27.490377    53   1
54    0.000000    27.998889    54   1
55    0.000000    28.490182    55   1
56    0.000000    28.998750    56   1
57    0.000000    29.491053    57   1
58    0.000000    29.998793    58   1
59    0.000000    30.491864    59   1
60    0.000000    30.999667    60   1
61    2.561475    31.492787    61   1
62    0.000000    31.997097    62   1
63    0.000000    32.490635    63   1
64    0.000000    32.996406    64   1
65    0.000000    33.493077    65   1
66    0.000000    33.999394    66   1
67    0.000000    34.493582    67   1
68    0.000000    34.995735    68   1
69    0.000000    35.494928    69   1
70    0.000000    35.999000    70   1
71    0.000000    36.492817    71   1
72    0.000000    36.999583    72   1
73    0.000000    37.492877    73   1
74    0.000000    37.997162    74   1
75    0.000000    38.493200    75   1
76    0.000000    38.996974    76   1
77    0.000000    39.493896    77   1
78    0.000000    39.998846    78   1
79    0.000000    40.494430    79   1
80    0.000000    40.998375    80   1
81    0.000000    41.494074    81   1
82    0.000000    41.998415    82   1
83    0.000000    42.496386    83   1
84    0.000000    42.999167    84   1
85    1.838235    43.494235    85   1
86    0.000000    43.998837    86   1
87    0.000000    44.493448    87   1
88    0.000000    44.997841    88   1
89    0.000000    45.495506    89   1
90    0.000000    45.996111    90   1
91    0.000000    46.496374    91   1
92    0.000000    46.997500    92   1
93    0.000000    47.495806    93   1
94    0.000000    47.998617    94   1
95    0.000000    48.493579    95   1
96    0.000000    48.999375    96   1
97    0.000000    49.496186    97   1
98    0.000000    49.999286    98   1
99    0.000000    50.497576    99   1
100    0.000000    50.997100    100   1
