1    0.000000    1.000000    1   1
11    0.000000    2.817273    11   1
21    0.000000    3.412857    21   1
31    0.000000    4.243548    31   1
41    0.000000    4.850244    40   1
51    0.000000    5.554706    51   1
61    0.000000    6.352459    61   1
71    0.000000    6.263662    71   1
81    0.000000    6.548765    81   1
91    0.000000    7.792308    91   1
101    0.000000    9.104653    101   1
111    0.000000    8.476036    111   1
121    0.000000    9.726777    121   1
131    0.000000    10.117557    131   1
141    0.000000    9.421773    141   1
151    0.000000    11.737881    151   1
161    156.250000    10.688199    161   1
171    0.000000    11.546842    171   1
181    0.000000    12.287293    180   1
191    0.000000    13.164607    191   1
201    0.000000    11.983433    201   1
211    0.000000    13.629289    211   1
221    0.000000    15.961041    221   1
231    156.250000    14.115714    231   1
241    0.000000    15.772365    241   1
251    0.000000    15.219482    251   1
261    0.000000    15.313678    261   1
271    0.000000    17.745978    270   1
281    156.250000    15.181317    281   1
291    0.000000    16.458557    291   1
301    0.000000    18.324252    301   1
311    0.000000    20.209228    311   1
321    0.000000    17.890903    321   1
331    0.000000    18.406798    331   1
341    0.000000    17.918739    340   1
351    0.000000    22.638917    351   1
361    0.000000    25.171939    361   1
371    156.250000    20.110997    371   1
381    0.000000    23.167323    381   1
391    156.250000    21.620614    391   1
401    0.000000    25.795162    400   1
411    156.250000    25.750414    411   1
421    0.000000    25.880261    421   1
431    0.000000    25.471485    431   1
441    0.000000    21.960159    441   1
451    0.000000    24.091020    451   1
461    156.250000    26.590369    460   1
471    0.000000    25.969002    471   1
481    0.000000    21.102391    481   1
491    156.250000    26.002831    491   1
501    0.000000    29.654232    499   1
511    156.250000    28.325773    511   1
521    0.000000    27.903628    520   1
531    156.250000    30.695951    530   1
541    156.250000    26.487431    540   1
551    0.000000    25.129510    551   1
561    156.250000    27.009287    561   1
571    156.250000    29.911296    570   1
581    0.000000    31.215852    581   1
591    156.250000    35.172589    591   1
601    156.250000    40.094243    600   1
611    156.250000    35.305123    610   1
621    156.250000    35.482609    621   1
631    156.250000    39.518605    629   1
641    156.250000    37.358565    641   1
651    156.250000    34.281382    650   1
661    156.250000    31.899259    661   1
671    156.250000    40.517928    671   1
681    156.250000    44.940808    681   1
691    156.250000    38.942460    688   1
701    156.250000    37.540756    701   1
711    156.250000    39.055246    711   1
721    156.250000    39.634147    711   1
731    156.250000    41.143871    730   1
741    156.250000    38.312389    740   1
751    156.250000    34.146698    749   1
761    312.500000    41.238252    761   1
771    156.250000    40.652620    770   1
781    156.250000    46.860704    780   1
791    312.500000    53.823982    791   1
801    156.250000    34.769563    800   1
811    312.500000    43.006412    809   1
821    156.250000    44.693459    819   1
831    156.250000    46.760927    830   1
841    156.250000    40.907158    839   1
851    156.250000    38.004794    850   1
861    312.500000    48.832230    860   1
871    156.250000    43.959219    870   1
881    312.500000    50.085187    881   1
891    312.500000    59.400954    891   1
901    312.500000    60.903163    901   1
911    312.500000    56.578057    911   1
921    312.500000    54.775081    920   1
931    156.250000    48.601933    930   1
941    312.500000    43.665367    936   1
951    312.500000    51.749201    951   1
961    312.500000    53.429553    961   1
971    312.500000    46.508332    970   1
981    312.500000    63.995668    978   1
991    312.500000    63.768799    989   1
