1    0.000000    1.000000    1   1
101    0.000000    51.000000    101   1
201    0.000000    101.000000    201   1
301    0.000000    151.000000    301   1
401    0.000000    201.000000    401   1
501    0.000000    251.000000    501   1
601    0.000000    301.000000    601   1
701    0.000000    351.000000    701   1
801    0.000000    401.000000    801   1
901    0.000000    451.000000    901   1
1001    0.000000    501.000000    1001   1
1101    0.000000    551.000000    1101   1
1201    0.000000    601.000000    1201   1
1301    0.000000    651.000000    1301   1
1401    0.000000    701.000000    1401   1
1501    0.000000    751.000000    1501   1
1601    0.000000    801.000000    1601   1
1701    0.000000    851.000000    1701   1
1801    8.675736    901.000000    1801   1
1901    0.000000    951.000000    1901   1
2001    0.000000    1001.000000    2001   1
2101    0.000000    1051.000000    2101   1
2201    7.099046    1101.000000    2201   1
2301    0.000000    1151.000000    2301   1
2401    0.000000    1201.000000    2401   1
2501    6.247501    1251.000000    2501   1
2601    0.000000    1301.000000    2601   1
2701    5.784894    1351.000000    2701   1
2801    0.000000    1401.000000    2801   1
2901    5.386074    1451.000000    2901   1
3001    0.000000    1501.000000    3001   1
3101    5.038697    1551.000000    3101   1
3201    0.000000    1601.000000    3201   1
3301    4.733414    1651.000000    3301   1
3401    4.594237    1701.000000    3401   1
3501    0.000000    1751.000000    3501   1
3601    4.339072    1801.000000    3601   1
3701    4.221832    1851.000000    3701   1
3801    4.110760    1901.000000    3801   1
3901    4.005383    1951.000000    3901   1
4001    3.905274    2001.000000    4001   1
4101    3.810046    2051.000000    4101   1
4201    3.719353    2101.000000    4201   1
4301    3.632876    2151.000000    4301   1
4401    3.550329    2201.000000    4401   1
4501    3.471451    2251.000000    4501   1
4601    6.792002    2301.000000    4601   1
4701    3.323761    2351.000000    4701   1
4801    3.254530    2401.000000    4801   1
4901    6.376250    2451.000000    4901   1
5001    3.124375    2501.000000    5001   1
5101    6.126250    2551.000000    5101   1
5201    6.008460    2601.000000    5201   1
5301    2.947557    2651.000000    5301   1
5401    5.785966    2701.000000    5401   1
5501    2.840393    2751.000000    5501   1
5601    5.579361    2801.000000    5601   1
5701    5.481494    2851.000000    5701   1
5801    5.387002    2901.000000    5801   1
5901    5.295713    2951.000000    5901   1
6001    5.207465    3001.000000    6001   1
6101    5.122111    3051.000000    6101   1
6201    7.559265    3101.000000    6201   1
6301    4.959530    3151.000000    6301   1
6401    7.323075    3201.000000    6401   1
6501    4.806953    3251.000000    6501   1
6601    7.101197    3301.000000    6601   1
6701    4.663483    3351.000000    6701   1
6801    6.892369    3401.000000    6801   1
6901    6.792494    3451.000000    6901   1
7001    6.695472    3501.000000    7001   1
7101    6.601183    3551.000000    7101   1
7201    6.509513    3601.000000    7201   1
7301    6.420353    3651.000000    7301   1
7401    8.444805    3701.000000    7401   1
7501    6.249167    3751.000000    7501   1
7601    6.166952    3801.000000    7601   1
7701    8.115829    3851.000000    7701   1
7801    8.011793    3901.000000    7801   1
7901    5.932793    3951.000000    7901   1
8001    7.811524    4001.000000    8001   1
8101    7.715097    4051.000000    8101   1
8201    7.621022    4101.000000    8201   1
8301    7.529213    4151.000000    8301   1
8401    9.299488    4201.000000    8401   1
8501    7.352076    4251.000000    8501   1
8601    7.266597    4301.000000    8601   1
8701    8.978853    4351.000000    8701   1
8801    8.876832    4401.000000    8801   1
8901    8.777104    4451.000000    8901   1
9001    8.679591    4501.000000    9001   1
9101    8.584222    4551.000000    9101   1
9201    8.490925    4601.000000    9201   1
9301    8.399634    4651.000000    9301   1
9401    9.972343    4701.000000    9401   1
9501    8.222819    4751.000000    9501   1
9601    9.764608    4801.000000    9601   1
9701    8.053293    4851.000000    9701   1
9801    9.565350    4901.000000    9801   1
9901    9.468741    4951.000000    9901   1
