1    0.000000    1.000000    1   1
101    0.000000    51.000000    101   1
201    0.000000    101.000000    201   1
301    0.000000    151.000000    301   1
401    0.000000    201.000000    401   1
501    0.000000    251.000000    501   1
601    0.000000    301.000000    601   1
701    0.000000    351.000000    701   1
801    0.000000    401.000000    801   1
901    0.000000    451.000000    901   1
1001    0.000000    501.000000    1001   1
1101    0.047305    551.000000    1101   1
1201    0.000000    601.000000    1201   1
1301    0.040033    651.000000    1301   1
1401    0.000000    701.000000    1401   1
1501    0.000000    751.000000    1501   1
1601    0.000000    801.000000    1601   1
1701    0.000000    851.000000    1701   1
1801    0.028919    901.000000    1801   1
1901    0.027398    951.000000    1901   1
2001    0.026029    1001.000000    2001   1
2101    0.024790    1051.000000    2101   1
2201    0.023663    1101.000000    2201   1
2301    0.022635    1151.000000    2301   1
2401    0.021692    1201.000000    2401   1
2501    0.041650    1251.000000    2501   1
2601    0.040049    1301.000000    2601   1
2701    0.038566    1351.000000    2701   1
2801    0.037189    1401.000000    2801   1
2901    0.017954    1451.000000    2901   1
3001    0.034711    1501.000000    3001   1
3101    0.016796    1551.000000    3101   1
3201    0.016271    1601.000000    3201   1
3301    0.031556    1651.000000    3301   1
3401    0.030628    1701.000000    3401   1
3501    0.029753    1751.000000    3501   1
3601    0.028927    1801.000000    3601   1
3701    0.042218    1851.000000    3701   1
3801    0.041108    1901.000000    3801   1
3901    0.040054    1951.000000    3901   1
4001    0.039053    2001.000000    4001   1
4101    0.038100    2051.000000    4101   1
4201    0.037194    2101.000000    4201   1
4301    0.036329    2151.000000    4301   1
4401    0.035503    2201.000000    4401   1
4501    0.046286    2251.000000    4501   1
4601    0.045280    2301.000000    4601   1
4701    0.044317    2351.000000    4701   1
4801    0.043394    2401.000000    4801   1
4901    0.042508    2451.000000    4901   1
5001    0.052073    2501.000000    5001   1
5101    0.051052    2551.000000    5101   1
5201    0.050070    2601.000000    5201   1
5301    0.049126    2651.000000    5301   1
5401    0.048216    2701.000000    5401   1
5501    0.047340    2751.000000    5501   1
5601    0.055794    2801.000000    5601   1
5701    0.054815    2851.000000    5701   1
5801    0.053870    2901.000000    5801   1
5901    0.052957    2951.000000    5901   1
6001    0.060754    3001.000000    6001   1
6101    0.051221    3051.000000    6101   1
6201    0.058794    3101.000000    6201   1
6301    0.057861    3151.000000    6301   1
6401    0.065094    3201.000000    6401   1
6501    0.064093    3251.000000    6501   1
6601    0.063122    3301.000000    6601   1
6701    0.062180    3351.000000    6701   1
6801    0.068924    3401.000000    6801   1
6901    0.060378    3451.000000    6901   1
7001    0.066955    3501.000000    7001   1
7101    0.066012    3551.000000    7101   1
7201    0.072328    3601.000000    7201   1
7301    0.071337    3651.000000    7301   1
7401    0.070373    3701.000000    7401   1
7501    0.069435    3751.000000    7501   1
7601    0.068522    3801.000000    7601   1
7701    0.074395    3851.000000    7701   1
7801    0.073441    3901.000000    7801   1
7901    0.072512    3951.000000    7901   1
8001    0.078115    4001.000000    8001   1
8101    0.077151    4051.000000    8101   1
8201    0.076210    4101.000000    8201   1
8301    0.081566    4151.000000    8301   1
8401    0.080596    4201.000000    8401   1
8501    0.079647    4251.000000    8501   1
8601    0.078721    4301.000000    8601   1
8701    0.083803    4351.000000    8701   1
8801    0.076933    4401.000000    8801   1
8901    0.081920    4451.000000    8901   1
9001    0.081010    4501.000000    9001   1
9101    0.085842    4551.000000    9101   1
9201    0.084909    4601.000000    9201   1
9301    0.095196    4651.000000    9301   1
9401    0.088643    4701.000000    9401   1
9501    0.087710    4751.000000    9501   1
9601    0.086797    4801.000000    9601   1
9701    0.091271    4851.000000    9701   1
9801    0.090339    4901.000000    9801   1
9901    0.089427    4951.000000    9901   1
